<?xml version="1.0" encoding="UTF-8" ?>
<testsuite errors="0" failures="0" hostname="LAPTOP-MFQJKMTG" name="TestCalculator" skipped="0" tests="8" time="0.279" timestamp="2021-09-02T21:42:47">
  <properties>
[...]
</properties>
  <testcase classname="TestCalculator" name="testmultiplicar" time="0.005" />
  <testcase classname="TestCalculator" name="testrestar" time="0.004" />
  <testcase classname="TestCalculator" name="testsumar2" time="0.0" />
  <testcase classname="TestCalculator" name="testsumar" time="0.001" />
  <testcase classname="TestCalculator" name="testrestar2" time="0.0" />
  <testcase classname="TestCalculator" name="testdividir" time="0.0" />
  <testcase classname="TestCalculator" name="testdividir2" time="0.0" />
  <testcase classname="TestCalculator" name="testmultiplicar2" time="0.001" />
  <system-out><![CDATA[]]></system-out>
  <system-err><![CDATA[]]></system-err>
</testsuite>
